2024-10-22 07:47:21,173 - INFO - Starting the Steam scraper.
2024-10-22 07:47:21,174 - INFO - Processing 147 valid app IDs.
2024-10-22 07:47:21,256 - ERROR - Error fetching details for app ID 2079750: 403 Client Error: Forbidden for url: https://store.steampowered.com/api/appdetails?appids=2079750
2024-10-22 07:47:21,313 - ERROR - Error fetching details for app ID 2079240: 403 Client Error: Forbidden for url: https://store.steampowered.com/api/appdetails?appids=2079240
2024-10-22 07:47:21,394 - ERROR - Error fetching details for app ID 2079250: 403 Client Error: Forbidden for url: https://store.steampowered.com/api/appdetails?appids=2079250
2024-10-22 07:47:21,445 - ERROR - Error fetching details for app ID 2080790: 403 Client Error: Forbidden for url: https://store.steampowered.com/api/appdetails?appids=2080790
2024-10-22 07:47:21,505 - ERROR - Error fetching details for app ID 2080280: 403 Client Error: Forbidden for url: https://store.steampowered.com/api/appdetails?appids=2080280
2024-10-22 07:47:21,557 - ERROR - Error fetching details for app ID 2079260: 403 Client Error: Forbidden for url: https://store.steampowered.com/api/appdetails?appids=2079260
2024-10-22 07:47:21,638 - ERROR - Error fetching details for app ID 2080800: 403 Client Error: Forbidden for url: https://store.steampowered.com/api/appdetails?appids=2080800
2024-10-22 07:47:21,692 - ERROR - Error fetching details for app ID 2080290: 403 Client Error: Forbidden for url: https://store.steampowered.com/api/appdetails?appids=2080290
2024-10-22 07:47:21,754 - ERROR - Error fetching details for app ID 2080300: 403 Client Error: Forbidden for url: https://store.steampowered.com/api/appdetails?appids=2080300
2024-10-22 07:47:21,806 - ERROR - Error fetching details for app ID 2079280: 403 Client Error: Forbidden for url: https://store.steampowered.com/api/appdetails?appids=2079280
2024-10-22 07:47:21,879 - ERROR - Error fetching details for app ID 2080820: 403 Client Error: Forbidden for url: https://store.steampowered.com/api/appdetails?appids=2080820
2024-10-22 07:47:21,942 - ERROR - Error fetching details for app ID 2080310: 403 Client Error: Forbidden for url: https://store.steampowered.com/api/appdetails?appids=2080310
2024-10-22 07:47:21,996 - ERROR - Error fetching details for app ID 2079800: 403 Client Error: Forbidden for url: https://store.steampowered.com/api/appdetails?appids=2079800
2024-10-22 07:47:22,082 - ERROR - Error fetching details for app ID 2079290: 403 Client Error: Forbidden for url: https://store.steampowered.com/api/appdetails?appids=2079290
2024-10-22 07:47:22,143 - ERROR - Error fetching details for app ID 2080830: 403 Client Error: Forbidden for url: https://store.steampowered.com/api/appdetails?appids=2080830
2024-10-22 07:47:22,205 - ERROR - Error fetching details for app ID 2079810: 403 Client Error: Forbidden for url: https://store.steampowered.com/api/appdetails?appids=2079810
2024-10-22 07:47:22,265 - ERROR - Error fetching details for app ID 2080840: 403 Client Error: Forbidden for url: https://store.steampowered.com/api/appdetails?appids=2080840
2024-10-22 07:47:22,326 - ERROR - Error fetching details for app ID 2080330: 403 Client Error: Forbidden for url: https://store.steampowered.com/api/appdetails?appids=2080330
2024-10-22 07:47:22,376 - ERROR - Error fetching details for app ID 2080850: 403 Client Error: Forbidden for url: https://store.steampowered.com/api/appdetails?appids=2080850
2024-10-22 07:47:22,439 - ERROR - Error fetching details for app ID 2080851: 403 Client Error: Forbidden for url: https://store.steampowered.com/api/appdetails?appids=2080851
2024-10-22 07:47:22,490 - ERROR - Error fetching details for app ID 2080340: 403 Client Error: Forbidden for url: https://store.steampowered.com/api/appdetails?appids=2080340
2024-10-22 07:47:22,575 - ERROR - Error fetching details for app ID 2080860: 403 Client Error: Forbidden for url: https://store.steampowered.com/api/appdetails?appids=2080860
2024-10-22 07:47:22,631 - ERROR - Error fetching details for app ID 2080350: 403 Client Error: Forbidden for url: https://store.steampowered.com/api/appdetails?appids=2080350
2024-10-22 07:47:22,696 - ERROR - Error fetching details for app ID 2080360: 403 Client Error: Forbidden for url: https://store.steampowered.com/api/appdetails?appids=2080360
2024-10-22 07:47:22,745 - ERROR - Error fetching details for app ID 2079850: 403 Client Error: Forbidden for url: https://store.steampowered.com/api/appdetails?appids=2079850
2024-10-22 07:47:22,816 - ERROR - Error fetching details for app ID 2079340: 403 Client Error: Forbidden for url: https://store.steampowered.com/api/appdetails?appids=2079340
2024-10-22 07:47:22,874 - ERROR - Error fetching details for app ID 2080880: 403 Client Error: Forbidden for url: https://store.steampowered.com/api/appdetails?appids=2080880
2024-10-22 07:47:22,931 - ERROR - Error fetching details for app ID 2079860: 403 Client Error: Forbidden for url: https://store.steampowered.com/api/appdetails?appids=2079860
2024-10-22 07:47:22,980 - ERROR - Error fetching details for app ID 2078840: 403 Client Error: Forbidden for url: https://store.steampowered.com/api/appdetails?appids=2078840
2024-10-22 07:47:23,040 - ERROR - Error fetching details for app ID 2078841: 403 Client Error: Forbidden for url: https://store.steampowered.com/api/appdetails?appids=2078841
2024-10-22 07:47:23,098 - ERROR - Error fetching details for app ID 2080380: 403 Client Error: Forbidden for url: https://store.steampowered.com/api/appdetails?appids=2080380
2024-10-22 07:47:23,171 - ERROR - Error fetching details for app ID 2079870: 403 Client Error: Forbidden for url: https://store.steampowered.com/api/appdetails?appids=2079870
2024-10-22 07:47:23,224 - ERROR - Error fetching details for app ID 2078850: 403 Client Error: Forbidden for url: https://store.steampowered.com/api/appdetails?appids=2078850
2024-10-22 07:47:23,296 - ERROR - Error fetching details for app ID 2080900: 403 Client Error: Forbidden for url: https://store.steampowered.com/api/appdetails?appids=2080900
2024-10-22 07:47:23,349 - ERROR - Error fetching details for app ID 2079370: 403 Client Error: Forbidden for url: https://store.steampowered.com/api/appdetails?appids=2079370
2024-10-22 07:47:23,412 - ERROR - Error fetching details for app ID 2078860: 403 Client Error: Forbidden for url: https://store.steampowered.com/api/appdetails?appids=2078860
2024-10-22 07:47:23,501 - ERROR - Error fetching details for app ID 2079890: 403 Client Error: Forbidden for url: https://store.steampowered.com/api/appdetails?appids=2079890
2024-10-22 07:47:23,560 - ERROR - Error fetching details for app ID 2079380: 403 Client Error: Forbidden for url: https://store.steampowered.com/api/appdetails?appids=2079380
2024-10-22 07:47:23,622 - ERROR - Error fetching details for app ID 2078870: 403 Client Error: Forbidden for url: https://store.steampowered.com/api/appdetails?appids=2078870
2024-10-22 07:47:23,674 - ERROR - Error fetching details for app ID 2080930: 403 Client Error: Forbidden for url: https://store.steampowered.com/api/appdetails?appids=2080930
2024-10-22 07:47:23,737 - ERROR - Error fetching details for app ID 2078370: 403 Client Error: Forbidden for url: https://store.steampowered.com/api/appdetails?appids=2078370
2024-10-22 07:47:23,791 - ERROR - Error fetching details for app ID 2080420: 403 Client Error: Forbidden for url: https://store.steampowered.com/api/appdetails?appids=2080420
2024-10-22 07:47:23,846 - ERROR - Error fetching details for app ID 2079400: 403 Client Error: Forbidden for url: https://store.steampowered.com/api/appdetails?appids=2079400
2024-10-22 07:47:23,891 - ERROR - Error fetching details for app ID 2080940: 403 Client Error: Forbidden for url: https://store.steampowered.com/api/appdetails?appids=2080940
2024-10-22 07:47:23,966 - ERROR - Error fetching details for app ID 2079920: 403 Client Error: Forbidden for url: https://store.steampowered.com/api/appdetails?appids=2079920
2024-10-22 07:47:24,029 - ERROR - Error fetching details for app ID 2079410: 403 Client Error: Forbidden for url: https://store.steampowered.com/api/appdetails?appids=2079410
2024-10-22 07:47:24,078 - ERROR - Error fetching details for app ID 2078900: 403 Client Error: Forbidden for url: https://store.steampowered.com/api/appdetails?appids=2078900
2024-10-22 07:47:24,143 - ERROR - Error fetching details for app ID 2078901: 403 Client Error: Forbidden for url: https://store.steampowered.com/api/appdetails?appids=2078901
2024-10-22 07:47:24,209 - ERROR - Error fetching details for app ID 2078902: 403 Client Error: Forbidden for url: https://store.steampowered.com/api/appdetails?appids=2078902
2024-10-22 07:47:24,266 - ERROR - Error fetching details for app ID 2078903: 403 Client Error: Forbidden for url: https://store.steampowered.com/api/appdetails?appids=2078903
2024-10-22 07:47:24,314 - ERROR - Error fetching details for app ID 2078390: 403 Client Error: Forbidden for url: https://store.steampowered.com/api/appdetails?appids=2078390
2024-10-22 07:47:24,377 - ERROR - Error fetching details for app ID 2079930: 403 Client Error: Forbidden for url: https://store.steampowered.com/api/appdetails?appids=2079930
2024-10-22 07:47:24,441 - ERROR - Error fetching details for app ID 2079420: 403 Client Error: Forbidden for url: https://store.steampowered.com/api/appdetails?appids=2079420
2024-10-22 07:47:24,501 - ERROR - Error fetching details for app ID 2078910: 403 Client Error: Forbidden for url: https://store.steampowered.com/api/appdetails?appids=2078910
2024-10-22 07:47:24,558 - ERROR - Error fetching details for app ID 2080960: 403 Client Error: Forbidden for url: https://store.steampowered.com/api/appdetails?appids=2080960
2024-10-22 07:47:24,634 - ERROR - Error fetching details for app ID 2080450: 403 Client Error: Forbidden for url: https://store.steampowered.com/api/appdetails?appids=2080450
2024-10-22 07:47:24,697 - ERROR - Error fetching details for app ID 2079430: 403 Client Error: Forbidden for url: https://store.steampowered.com/api/appdetails?appids=2079430
2024-10-22 07:47:24,760 - ERROR - Error fetching details for app ID 2080970: 403 Client Error: Forbidden for url: https://store.steampowered.com/api/appdetails?appids=2080970
2024-10-22 07:47:24,832 - ERROR - Error fetching details for app ID 2078410: 403 Client Error: Forbidden for url: https://store.steampowered.com/api/appdetails?appids=2078410
2024-10-22 07:47:24,896 - ERROR - Error fetching details for app ID 2079950: 403 Client Error: Forbidden for url: https://store.steampowered.com/api/appdetails?appids=2079950
2024-10-22 07:47:24,960 - ERROR - Error fetching details for app ID 2078930: 403 Client Error: Forbidden for url: https://store.steampowered.com/api/appdetails?appids=2078930
2024-10-22 07:47:25,026 - ERROR - Error fetching details for app ID 2080980: 403 Client Error: Forbidden for url: https://store.steampowered.com/api/appdetails?appids=2080980
2024-10-22 07:47:25,087 - ERROR - Error fetching details for app ID 2080470: 403 Client Error: Forbidden for url: https://store.steampowered.com/api/appdetails?appids=2080470
2024-10-22 07:47:25,134 - ERROR - Error fetching details for app ID 2079960: 403 Client Error: Forbidden for url: https://store.steampowered.com/api/appdetails?appids=2079960
2024-10-22 07:47:25,189 - ERROR - Error fetching details for app ID 2079450: 403 Client Error: Forbidden for url: https://store.steampowered.com/api/appdetails?appids=2079450
2024-10-22 07:47:25,235 - ERROR - Error fetching details for app ID 2078430: 403 Client Error: Forbidden for url: https://store.steampowered.com/api/appdetails?appids=2078430
2024-10-22 07:47:25,296 - ERROR - Error fetching details for app ID 2080480: 403 Client Error: Forbidden for url: https://store.steampowered.com/api/appdetails?appids=2080480
2024-10-22 07:47:25,367 - ERROR - Error fetching details for app ID 2079460: 403 Client Error: Forbidden for url: https://store.steampowered.com/api/appdetails?appids=2079460
2024-10-22 07:47:25,446 - ERROR - Error fetching details for app ID 2078440: 403 Client Error: Forbidden for url: https://store.steampowered.com/api/appdetails?appids=2078440
2024-10-22 07:47:25,521 - ERROR - Error fetching details for app ID 2080490: 403 Client Error: Forbidden for url: https://store.steampowered.com/api/appdetails?appids=2080490
2024-10-22 07:47:25,608 - ERROR - Error fetching details for app ID 2079980: 403 Client Error: Forbidden for url: https://store.steampowered.com/api/appdetails?appids=2079980
2024-10-22 07:47:25,659 - ERROR - Error fetching details for app ID 2078960: 403 Client Error: Forbidden for url: https://store.steampowered.com/api/appdetails?appids=2078960
2024-10-22 07:47:25,720 - ERROR - Error fetching details for app ID 2081010: 403 Client Error: Forbidden for url: https://store.steampowered.com/api/appdetails?appids=2081010
2024-10-22 07:47:25,815 - ERROR - Error fetching details for app ID 2079480: 403 Client Error: Forbidden for url: https://store.steampowered.com/api/appdetails?appids=2079480
2024-10-22 07:47:25,870 - ERROR - Error fetching details for app ID 2080510: 403 Client Error: Forbidden for url: https://store.steampowered.com/api/appdetails?appids=2080510
2024-10-22 07:47:25,917 - ERROR - Error fetching details for app ID 2081030: 403 Client Error: Forbidden for url: https://store.steampowered.com/api/appdetails?appids=2081030
2024-10-22 07:47:25,986 - ERROR - Error fetching details for app ID 2081031: 403 Client Error: Forbidden for url: https://store.steampowered.com/api/appdetails?appids=2081031
2024-10-22 07:47:26,046 - ERROR - Error fetching details for app ID 2081032: 403 Client Error: Forbidden for url: https://store.steampowered.com/api/appdetails?appids=2081032
2024-10-22 07:47:26,100 - ERROR - Error fetching details for app ID 2081033: 403 Client Error: Forbidden for url: https://store.steampowered.com/api/appdetails?appids=2081033
2024-10-22 07:47:26,165 - ERROR - Error fetching details for app ID 2080010: 403 Client Error: Forbidden for url: https://store.steampowered.com/api/appdetails?appids=2080010
2024-10-22 07:47:26,218 - ERROR - Error fetching details for app ID 2079500: 403 Client Error: Forbidden for url: https://store.steampowered.com/api/appdetails?appids=2079500
2024-10-22 07:47:26,280 - ERROR - Error fetching details for app ID 2081040: 403 Client Error: Forbidden for url: https://store.steampowered.com/api/appdetails?appids=2081040
2024-10-22 07:47:26,330 - ERROR - Error fetching details for app ID 2080020: 403 Client Error: Forbidden for url: https://store.steampowered.com/api/appdetails?appids=2080020
2024-10-22 07:47:26,399 - ERROR - Error fetching details for app ID 2079000: 403 Client Error: Forbidden for url: https://store.steampowered.com/api/appdetails?appids=2079000
2024-10-22 07:47:26,460 - ERROR - Error fetching details for app ID 2081050: 403 Client Error: Forbidden for url: https://store.steampowered.com/api/appdetails?appids=2081050
2024-10-22 07:47:26,514 - ERROR - Error fetching details for app ID 2081051: 403 Client Error: Forbidden for url: https://store.steampowered.com/api/appdetails?appids=2081051
2024-10-22 07:47:26,572 - ERROR - Error fetching details for app ID 2081052: 403 Client Error: Forbidden for url: https://store.steampowered.com/api/appdetails?appids=2081052
2024-10-22 07:47:26,630 - ERROR - Error fetching details for app ID 2081053: 403 Client Error: Forbidden for url: https://store.steampowered.com/api/appdetails?appids=2081053
2024-10-22 07:47:26,698 - ERROR - Error fetching details for app ID 2081054: 403 Client Error: Forbidden for url: https://store.steampowered.com/api/appdetails?appids=2081054
2024-10-22 07:47:26,763 - ERROR - Error fetching details for app ID 2081055: 403 Client Error: Forbidden for url: https://store.steampowered.com/api/appdetails?appids=2081055
2024-10-22 07:47:26,819 - ERROR - Error fetching details for app ID 2081056: 403 Client Error: Forbidden for url: https://store.steampowered.com/api/appdetails?appids=2081056
2024-10-22 07:47:26,873 - ERROR - Error fetching details for app ID 2079520: 403 Client Error: Forbidden for url: https://store.steampowered.com/api/appdetails?appids=2079520
2024-10-22 07:47:26,931 - ERROR - Error fetching details for app ID 2079010: 403 Client Error: Forbidden for url: https://store.steampowered.com/api/appdetails?appids=2079010
2024-10-22 07:47:27,011 - ERROR - Error fetching details for app ID 2080550: 403 Client Error: Forbidden for url: https://store.steampowered.com/api/appdetails?appids=2080550
2024-10-22 07:47:27,065 - ERROR - Error fetching details for app ID 2079530: 403 Client Error: Forbidden for url: https://store.steampowered.com/api/appdetails?appids=2079530
2024-10-22 07:47:27,120 - ERROR - Error fetching details for app ID 2079020: 403 Client Error: Forbidden for url: https://store.steampowered.com/api/appdetails?appids=2079020
2024-10-22 07:47:27,173 - ERROR - Error fetching details for app ID 2080560: 403 Client Error: Forbidden for url: https://store.steampowered.com/api/appdetails?appids=2080560
2024-10-22 07:47:27,221 - ERROR - Error fetching details for app ID 2080050: 403 Client Error: Forbidden for url: https://store.steampowered.com/api/appdetails?appids=2080050
2024-10-22 07:47:27,280 - ERROR - Error fetching details for app ID 2079540: 403 Client Error: Forbidden for url: https://store.steampowered.com/api/appdetails?appids=2079540
2024-10-22 07:47:27,331 - ERROR - Error fetching details for app ID 2081080: 403 Client Error: Forbidden for url: https://store.steampowered.com/api/appdetails?appids=2081080
2024-10-22 07:47:27,331 - INFO - Rate limit reached. Waiting for 23.84 seconds.
2024-10-22 07:47:49,043 - INFO - Starting the Steam scraper.
2024-10-22 07:47:49,043 - INFO - Processing 147 valid app IDs.
2024-10-22 07:47:49,121 - ERROR - Error fetching details for app ID 2079750: 403 Client Error: Forbidden for url: https://store.steampowered.com/api/appdetails?appids=2079750
2024-10-22 07:47:49,174 - ERROR - Error fetching details for app ID 2079240: 403 Client Error: Forbidden for url: https://store.steampowered.com/api/appdetails?appids=2079240
2024-10-22 07:47:49,233 - ERROR - Error fetching details for app ID 2079250: 403 Client Error: Forbidden for url: https://store.steampowered.com/api/appdetails?appids=2079250
2024-10-22 07:47:49,285 - ERROR - Error fetching details for app ID 2080790: 403 Client Error: Forbidden for url: https://store.steampowered.com/api/appdetails?appids=2080790
2024-10-22 07:47:49,341 - ERROR - Error fetching details for app ID 2080280: 403 Client Error: Forbidden for url: https://store.steampowered.com/api/appdetails?appids=2080280
2024-10-22 07:47:49,394 - ERROR - Error fetching details for app ID 2079260: 403 Client Error: Forbidden for url: https://store.steampowered.com/api/appdetails?appids=2079260
2024-10-22 07:47:49,464 - ERROR - Error fetching details for app ID 2080800: 403 Client Error: Forbidden for url: https://store.steampowered.com/api/appdetails?appids=2080800
2024-10-22 07:47:49,528 - ERROR - Error fetching details for app ID 2080290: 403 Client Error: Forbidden for url: https://store.steampowered.com/api/appdetails?appids=2080290
2024-10-22 07:47:49,590 - ERROR - Error fetching details for app ID 2080300: 403 Client Error: Forbidden for url: https://store.steampowered.com/api/appdetails?appids=2080300
2024-10-22 07:47:49,651 - ERROR - Error fetching details for app ID 2079280: 403 Client Error: Forbidden for url: https://store.steampowered.com/api/appdetails?appids=2079280
2024-10-22 07:47:49,703 - ERROR - Error fetching details for app ID 2080820: 403 Client Error: Forbidden for url: https://store.steampowered.com/api/appdetails?appids=2080820
2024-10-22 07:47:49,756 - ERROR - Error fetching details for app ID 2080310: 403 Client Error: Forbidden for url: https://store.steampowered.com/api/appdetails?appids=2080310
2024-10-22 07:47:49,809 - ERROR - Error fetching details for app ID 2079800: 403 Client Error: Forbidden for url: https://store.steampowered.com/api/appdetails?appids=2079800
2024-10-22 07:47:49,874 - ERROR - Error fetching details for app ID 2079290: 403 Client Error: Forbidden for url: https://store.steampowered.com/api/appdetails?appids=2079290
2024-10-22 07:47:49,927 - ERROR - Error fetching details for app ID 2080830: 403 Client Error: Forbidden for url: https://store.steampowered.com/api/appdetails?appids=2080830
2024-10-22 07:47:49,990 - ERROR - Error fetching details for app ID 2079810: 403 Client Error: Forbidden for url: https://store.steampowered.com/api/appdetails?appids=2079810
2024-10-22 07:47:50,043 - ERROR - Error fetching details for app ID 2080840: 403 Client Error: Forbidden for url: https://store.steampowered.com/api/appdetails?appids=2080840
2024-10-22 07:47:50,102 - ERROR - Error fetching details for app ID 2080330: 403 Client Error: Forbidden for url: https://store.steampowered.com/api/appdetails?appids=2080330
2024-10-22 07:47:50,154 - ERROR - Error fetching details for app ID 2080850: 403 Client Error: Forbidden for url: https://store.steampowered.com/api/appdetails?appids=2080850
2024-10-22 07:47:50,211 - ERROR - Error fetching details for app ID 2080851: 403 Client Error: Forbidden for url: https://store.steampowered.com/api/appdetails?appids=2080851
2024-10-22 07:47:50,265 - ERROR - Error fetching details for app ID 2080340: 403 Client Error: Forbidden for url: https://store.steampowered.com/api/appdetails?appids=2080340
2024-10-22 07:47:50,323 - ERROR - Error fetching details for app ID 2080860: 403 Client Error: Forbidden for url: https://store.steampowered.com/api/appdetails?appids=2080860
2024-10-22 07:47:50,382 - ERROR - Error fetching details for app ID 2080350: 403 Client Error: Forbidden for url: https://store.steampowered.com/api/appdetails?appids=2080350
2024-10-22 07:47:50,438 - ERROR - Error fetching details for app ID 2080360: 403 Client Error: Forbidden for url: https://store.steampowered.com/api/appdetails?appids=2080360
2024-10-22 07:47:50,489 - ERROR - Error fetching details for app ID 2079850: 403 Client Error: Forbidden for url: https://store.steampowered.com/api/appdetails?appids=2079850
2024-10-22 07:47:50,540 - ERROR - Error fetching details for app ID 2079340: 403 Client Error: Forbidden for url: https://store.steampowered.com/api/appdetails?appids=2079340
2024-10-22 07:47:50,599 - ERROR - Error fetching details for app ID 2080880: 403 Client Error: Forbidden for url: https://store.steampowered.com/api/appdetails?appids=2080880
2024-10-22 07:47:50,672 - ERROR - Error fetching details for app ID 2079860: 403 Client Error: Forbidden for url: https://store.steampowered.com/api/appdetails?appids=2079860
2024-10-22 07:47:50,733 - ERROR - Error fetching details for app ID 2078840: 403 Client Error: Forbidden for url: https://store.steampowered.com/api/appdetails?appids=2078840
2024-10-22 07:47:50,790 - ERROR - Error fetching details for app ID 2078841: 403 Client Error: Forbidden for url: https://store.steampowered.com/api/appdetails?appids=2078841
2024-10-22 07:47:50,878 - ERROR - Error fetching details for app ID 2080380: 403 Client Error: Forbidden for url: https://store.steampowered.com/api/appdetails?appids=2080380
2024-10-22 07:47:50,928 - ERROR - Error fetching details for app ID 2079870: 403 Client Error: Forbidden for url: https://store.steampowered.com/api/appdetails?appids=2079870
2024-10-22 07:47:50,979 - ERROR - Error fetching details for app ID 2078850: 403 Client Error: Forbidden for url: https://store.steampowered.com/api/appdetails?appids=2078850
2024-10-22 07:47:51,031 - ERROR - Error fetching details for app ID 2080900: 403 Client Error: Forbidden for url: https://store.steampowered.com/api/appdetails?appids=2080900
2024-10-22 07:47:51,083 - ERROR - Error fetching details for app ID 2079370: 403 Client Error: Forbidden for url: https://store.steampowered.com/api/appdetails?appids=2079370
2024-10-22 07:47:51,142 - ERROR - Error fetching details for app ID 2078860: 403 Client Error: Forbidden for url: https://store.steampowered.com/api/appdetails?appids=2078860
2024-10-22 07:47:51,202 - ERROR - Error fetching details for app ID 2079890: 403 Client Error: Forbidden for url: https://store.steampowered.com/api/appdetails?appids=2079890
2024-10-22 07:47:51,260 - ERROR - Error fetching details for app ID 2079380: 403 Client Error: Forbidden for url: https://store.steampowered.com/api/appdetails?appids=2079380
2024-10-22 07:47:51,318 - ERROR - Error fetching details for app ID 2078870: 403 Client Error: Forbidden for url: https://store.steampowered.com/api/appdetails?appids=2078870
2024-10-22 07:47:51,378 - ERROR - Error fetching details for app ID 2080930: 403 Client Error: Forbidden for url: https://store.steampowered.com/api/appdetails?appids=2080930
2024-10-22 07:47:51,448 - ERROR - Error fetching details for app ID 2078370: 403 Client Error: Forbidden for url: https://store.steampowered.com/api/appdetails?appids=2078370
2024-10-22 07:47:51,505 - ERROR - Error fetching details for app ID 2080420: 403 Client Error: Forbidden for url: https://store.steampowered.com/api/appdetails?appids=2080420
2024-10-22 07:47:51,574 - ERROR - Error fetching details for app ID 2079400: 403 Client Error: Forbidden for url: https://store.steampowered.com/api/appdetails?appids=2079400
2024-10-22 07:47:51,649 - ERROR - Error fetching details for app ID 2080940: 403 Client Error: Forbidden for url: https://store.steampowered.com/api/appdetails?appids=2080940
2024-10-22 07:47:51,704 - ERROR - Error fetching details for app ID 2079920: 403 Client Error: Forbidden for url: https://store.steampowered.com/api/appdetails?appids=2079920
2024-10-22 07:47:51,770 - ERROR - Error fetching details for app ID 2079410: 403 Client Error: Forbidden for url: https://store.steampowered.com/api/appdetails?appids=2079410
2024-10-22 07:47:51,826 - ERROR - Error fetching details for app ID 2078900: 403 Client Error: Forbidden for url: https://store.steampowered.com/api/appdetails?appids=2078900
2024-10-22 07:47:51,888 - ERROR - Error fetching details for app ID 2078901: 403 Client Error: Forbidden for url: https://store.steampowered.com/api/appdetails?appids=2078901
2024-10-22 07:47:51,935 - ERROR - Error fetching details for app ID 2078902: 403 Client Error: Forbidden for url: https://store.steampowered.com/api/appdetails?appids=2078902
2024-10-22 07:47:51,980 - ERROR - Error fetching details for app ID 2078903: 403 Client Error: Forbidden for url: https://store.steampowered.com/api/appdetails?appids=2078903
2024-10-22 07:47:52,106 - ERROR - Error fetching details for app ID 2078390: 403 Client Error: Forbidden for url: https://store.steampowered.com/api/appdetails?appids=2078390
2024-10-22 07:47:52,167 - ERROR - Error fetching details for app ID 2079930: 403 Client Error: Forbidden for url: https://store.steampowered.com/api/appdetails?appids=2079930
2024-10-22 07:47:52,234 - ERROR - Error fetching details for app ID 2079420: 403 Client Error: Forbidden for url: https://store.steampowered.com/api/appdetails?appids=2079420
2024-10-22 07:47:52,301 - ERROR - Error fetching details for app ID 2078910: 403 Client Error: Forbidden for url: https://store.steampowered.com/api/appdetails?appids=2078910
2024-10-22 07:47:52,359 - ERROR - Error fetching details for app ID 2080960: 403 Client Error: Forbidden for url: https://store.steampowered.com/api/appdetails?appids=2080960
2024-10-22 07:47:52,442 - ERROR - Error fetching details for app ID 2080450: 403 Client Error: Forbidden for url: https://store.steampowered.com/api/appdetails?appids=2080450
2024-10-22 07:47:52,497 - ERROR - Error fetching details for app ID 2079430: 403 Client Error: Forbidden for url: https://store.steampowered.com/api/appdetails?appids=2079430
2024-10-22 07:47:52,555 - ERROR - Error fetching details for app ID 2080970: 403 Client Error: Forbidden for url: https://store.steampowered.com/api/appdetails?appids=2080970
2024-10-22 07:47:52,610 - ERROR - Error fetching details for app ID 2078410: 403 Client Error: Forbidden for url: https://store.steampowered.com/api/appdetails?appids=2078410
2024-10-22 07:47:52,675 - ERROR - Error fetching details for app ID 2079950: 403 Client Error: Forbidden for url: https://store.steampowered.com/api/appdetails?appids=2079950
2024-10-22 07:47:52,735 - ERROR - Error fetching details for app ID 2078930: 403 Client Error: Forbidden for url: https://store.steampowered.com/api/appdetails?appids=2078930
2024-10-22 07:47:52,801 - ERROR - Error fetching details for app ID 2080980: 403 Client Error: Forbidden for url: https://store.steampowered.com/api/appdetails?appids=2080980
2024-10-22 07:47:52,872 - ERROR - Error fetching details for app ID 2080470: 403 Client Error: Forbidden for url: https://store.steampowered.com/api/appdetails?appids=2080470
2024-10-22 07:47:52,942 - ERROR - Error fetching details for app ID 2079960: 403 Client Error: Forbidden for url: https://store.steampowered.com/api/appdetails?appids=2079960
2024-10-22 07:47:53,008 - ERROR - Error fetching details for app ID 2079450: 403 Client Error: Forbidden for url: https://store.steampowered.com/api/appdetails?appids=2079450
2024-10-22 07:47:53,058 - ERROR - Error fetching details for app ID 2078430: 403 Client Error: Forbidden for url: https://store.steampowered.com/api/appdetails?appids=2078430
2024-10-22 07:47:53,110 - ERROR - Error fetching details for app ID 2080480: 403 Client Error: Forbidden for url: https://store.steampowered.com/api/appdetails?appids=2080480
2024-10-22 07:47:53,167 - ERROR - Error fetching details for app ID 2079460: 403 Client Error: Forbidden for url: https://store.steampowered.com/api/appdetails?appids=2079460
2024-10-22 07:47:53,237 - ERROR - Error fetching details for app ID 2078440: 403 Client Error: Forbidden for url: https://store.steampowered.com/api/appdetails?appids=2078440
2024-10-22 07:47:53,288 - ERROR - Error fetching details for app ID 2080490: 403 Client Error: Forbidden for url: https://store.steampowered.com/api/appdetails?appids=2080490
2024-10-22 07:47:53,340 - ERROR - Error fetching details for app ID 2079980: 403 Client Error: Forbidden for url: https://store.steampowered.com/api/appdetails?appids=2079980
2024-10-22 07:47:53,419 - ERROR - Error fetching details for app ID 2078960: 403 Client Error: Forbidden for url: https://store.steampowered.com/api/appdetails?appids=2078960
2024-10-22 07:47:53,498 - ERROR - Error fetching details for app ID 2081010: 403 Client Error: Forbidden for url: https://store.steampowered.com/api/appdetails?appids=2081010
2024-10-22 07:47:53,563 - ERROR - Error fetching details for app ID 2079480: 403 Client Error: Forbidden for url: https://store.steampowered.com/api/appdetails?appids=2079480
2024-10-22 07:47:53,629 - ERROR - Error fetching details for app ID 2080510: 403 Client Error: Forbidden for url: https://store.steampowered.com/api/appdetails?appids=2080510
2024-10-22 07:47:53,688 - ERROR - Error fetching details for app ID 2081030: 403 Client Error: Forbidden for url: https://store.steampowered.com/api/appdetails?appids=2081030
2024-10-22 07:47:53,743 - ERROR - Error fetching details for app ID 2081031: 403 Client Error: Forbidden for url: https://store.steampowered.com/api/appdetails?appids=2081031
2024-10-22 07:47:53,800 - ERROR - Error fetching details for app ID 2081032: 403 Client Error: Forbidden for url: https://store.steampowered.com/api/appdetails?appids=2081032
2024-10-22 07:47:53,856 - ERROR - Error fetching details for app ID 2081033: 403 Client Error: Forbidden for url: https://store.steampowered.com/api/appdetails?appids=2081033
2024-10-22 07:47:53,913 - ERROR - Error fetching details for app ID 2080010: 403 Client Error: Forbidden for url: https://store.steampowered.com/api/appdetails?appids=2080010
2024-10-22 07:47:53,966 - ERROR - Error fetching details for app ID 2079500: 403 Client Error: Forbidden for url: https://store.steampowered.com/api/appdetails?appids=2079500
2024-10-22 07:47:54,045 - ERROR - Error fetching details for app ID 2081040: 403 Client Error: Forbidden for url: https://store.steampowered.com/api/appdetails?appids=2081040
2024-10-22 07:47:54,113 - ERROR - Error fetching details for app ID 2080020: 403 Client Error: Forbidden for url: https://store.steampowered.com/api/appdetails?appids=2080020
2024-10-22 07:47:54,166 - ERROR - Error fetching details for app ID 2079000: 403 Client Error: Forbidden for url: https://store.steampowered.com/api/appdetails?appids=2079000
2024-10-22 07:47:54,215 - ERROR - Error fetching details for app ID 2081050: 403 Client Error: Forbidden for url: https://store.steampowered.com/api/appdetails?appids=2081050
2024-10-22 07:47:54,271 - ERROR - Error fetching details for app ID 2081051: 403 Client Error: Forbidden for url: https://store.steampowered.com/api/appdetails?appids=2081051
2024-10-22 07:47:54,334 - ERROR - Error fetching details for app ID 2081052: 403 Client Error: Forbidden for url: https://store.steampowered.com/api/appdetails?appids=2081052
2024-10-22 07:47:54,400 - ERROR - Error fetching details for app ID 2081053: 403 Client Error: Forbidden for url: https://store.steampowered.com/api/appdetails?appids=2081053
2024-10-22 07:47:54,459 - ERROR - Error fetching details for app ID 2081054: 403 Client Error: Forbidden for url: https://store.steampowered.com/api/appdetails?appids=2081054
2024-10-22 07:47:54,508 - ERROR - Error fetching details for app ID 2081055: 403 Client Error: Forbidden for url: https://store.steampowered.com/api/appdetails?appids=2081055
2024-10-22 07:47:54,557 - ERROR - Error fetching details for app ID 2081056: 403 Client Error: Forbidden for url: https://store.steampowered.com/api/appdetails?appids=2081056
2024-10-22 07:47:54,629 - ERROR - Error fetching details for app ID 2079520: 403 Client Error: Forbidden for url: https://store.steampowered.com/api/appdetails?appids=2079520
2024-10-22 07:47:54,678 - ERROR - Error fetching details for app ID 2079010: 403 Client Error: Forbidden for url: https://store.steampowered.com/api/appdetails?appids=2079010
2024-10-22 07:47:54,740 - ERROR - Error fetching details for app ID 2080550: 403 Client Error: Forbidden for url: https://store.steampowered.com/api/appdetails?appids=2080550
2024-10-22 07:47:54,790 - ERROR - Error fetching details for app ID 2079530: 403 Client Error: Forbidden for url: https://store.steampowered.com/api/appdetails?appids=2079530
2024-10-22 07:47:54,846 - ERROR - Error fetching details for app ID 2079020: 403 Client Error: Forbidden for url: https://store.steampowered.com/api/appdetails?appids=2079020
2024-10-22 07:47:54,903 - ERROR - Error fetching details for app ID 2080560: 403 Client Error: Forbidden for url: https://store.steampowered.com/api/appdetails?appids=2080560
2024-10-22 07:47:54,962 - ERROR - Error fetching details for app ID 2080050: 403 Client Error: Forbidden for url: https://store.steampowered.com/api/appdetails?appids=2080050
2024-10-22 07:47:55,015 - ERROR - Error fetching details for app ID 2079540: 403 Client Error: Forbidden for url: https://store.steampowered.com/api/appdetails?appids=2079540
2024-10-22 07:47:55,074 - ERROR - Error fetching details for app ID 2081080: 403 Client Error: Forbidden for url: https://store.steampowered.com/api/appdetails?appids=2081080
2024-10-22 07:47:55,074 - INFO - Rate limit reached. Waiting for 23.97 seconds.
2024-10-22 07:48:19,144 - ERROR - Error fetching details for app ID 2080570: 403 Client Error: Forbidden for url: https://store.steampowered.com/api/appdetails?appids=2080570
2024-10-22 07:48:19,192 - ERROR - Error fetching details for app ID 2080060: 403 Client Error: Forbidden for url: https://store.steampowered.com/api/appdetails?appids=2080060
2024-10-22 07:48:19,239 - ERROR - Error fetching details for app ID 2079040: 403 Client Error: Forbidden for url: https://store.steampowered.com/api/appdetails?appids=2079040
2024-10-22 07:48:19,292 - ERROR - Error fetching details for app ID 2081090: 403 Client Error: Forbidden for url: https://store.steampowered.com/api/appdetails?appids=2081090
2024-10-22 07:48:19,353 - ERROR - Error fetching details for app ID 2080580: 403 Client Error: Forbidden for url: https://store.steampowered.com/api/appdetails?appids=2080580
2024-10-22 07:48:19,415 - ERROR - Error fetching details for app ID 2080070: 403 Client Error: Forbidden for url: https://store.steampowered.com/api/appdetails?appids=2080070
2024-10-22 07:48:19,473 - ERROR - Error fetching details for app ID 2079570: 403 Client Error: Forbidden for url: https://store.steampowered.com/api/appdetails?appids=2079570
2024-10-22 07:48:19,525 - ERROR - Error fetching details for app ID 2080600: 403 Client Error: Forbidden for url: https://store.steampowered.com/api/appdetails?appids=2080600
2024-10-22 07:48:19,581 - ERROR - Error fetching details for app ID 2080090: 403 Client Error: Forbidden for url: https://store.steampowered.com/api/appdetails?appids=2080090
2024-10-22 07:48:19,634 - ERROR - Error fetching details for app ID 2079580: 403 Client Error: Forbidden for url: https://store.steampowered.com/api/appdetails?appids=2079580
2024-10-22 07:48:19,700 - ERROR - Error fetching details for app ID 2080100: 403 Client Error: Forbidden for url: https://store.steampowered.com/api/appdetails?appids=2080100
2024-10-22 07:48:19,762 - ERROR - Error fetching details for app ID 2079590: 403 Client Error: Forbidden for url: https://store.steampowered.com/api/appdetails?appids=2079590
2024-10-22 07:48:19,821 - ERROR - Error fetching details for app ID 2079080: 403 Client Error: Forbidden for url: https://store.steampowered.com/api/appdetails?appids=2079080
2024-10-22 07:48:19,877 - ERROR - Error fetching details for app ID 2080620: 403 Client Error: Forbidden for url: https://store.steampowered.com/api/appdetails?appids=2080620
2024-10-22 07:48:19,927 - ERROR - Error fetching details for app ID 2080110: 403 Client Error: Forbidden for url: https://store.steampowered.com/api/appdetails?appids=2080110
2024-10-22 07:48:19,982 - ERROR - Error fetching details for app ID 2079600: 403 Client Error: Forbidden for url: https://store.steampowered.com/api/appdetails?appids=2079600
2024-10-22 07:48:20,043 - ERROR - Error fetching details for app ID 2080120: 403 Client Error: Forbidden for url: https://store.steampowered.com/api/appdetails?appids=2080120
2024-10-22 07:48:20,091 - ERROR - Error fetching details for app ID 2079610: 403 Client Error: Forbidden for url: https://store.steampowered.com/api/appdetails?appids=2079610
2024-10-22 07:48:20,142 - ERROR - Error fetching details for app ID 2080640: 403 Client Error: Forbidden for url: https://store.steampowered.com/api/appdetails?appids=2080640
2024-10-22 07:48:20,194 - ERROR - Error fetching details for app ID 2080130: 403 Client Error: Forbidden for url: https://store.steampowered.com/api/appdetails?appids=2080130
2024-10-22 07:48:20,244 - ERROR - Error fetching details for app ID 2079110: 403 Client Error: Forbidden for url: https://store.steampowered.com/api/appdetails?appids=2079110
2024-10-22 07:48:20,292 - ERROR - Error fetching details for app ID 2080650: 403 Client Error: Forbidden for url: https://store.steampowered.com/api/appdetails?appids=2080650
2024-10-22 07:48:20,348 - ERROR - Error fetching details for app ID 2080140: 403 Client Error: Forbidden for url: https://store.steampowered.com/api/appdetails?appids=2080140
2024-10-22 07:48:20,401 - ERROR - Error fetching details for app ID 2079630: 403 Client Error: Forbidden for url: https://store.steampowered.com/api/appdetails?appids=2079630
2024-10-22 07:48:20,469 - ERROR - Error fetching details for app ID 2080660: 403 Client Error: Forbidden for url: https://store.steampowered.com/api/appdetails?appids=2080660
2024-10-22 07:48:20,519 - ERROR - Error fetching details for app ID 2079640: 403 Client Error: Forbidden for url: https://store.steampowered.com/api/appdetails?appids=2079640
2024-10-22 07:48:20,578 - ERROR - Error fetching details for app ID 2079130: 403 Client Error: Forbidden for url: https://store.steampowered.com/api/appdetails?appids=2079130
2024-10-22 07:48:20,629 - ERROR - Error fetching details for app ID 2080670: 403 Client Error: Forbidden for url: https://store.steampowered.com/api/appdetails?appids=2080670
2024-10-22 07:48:20,681 - ERROR - Error fetching details for app ID 2080160: 403 Client Error: Forbidden for url: https://store.steampowered.com/api/appdetails?appids=2080160
2024-10-22 07:48:20,739 - ERROR - Error fetching details for app ID 2079140: 403 Client Error: Forbidden for url: https://store.steampowered.com/api/appdetails?appids=2079140
2024-10-22 07:48:20,789 - ERROR - Error fetching details for app ID 2080170: 403 Client Error: Forbidden for url: https://store.steampowered.com/api/appdetails?appids=2080170
2024-10-22 07:48:20,845 - ERROR - Error fetching details for app ID 2079150: 403 Client Error: Forbidden for url: https://store.steampowered.com/api/appdetails?appids=2079150
2024-10-22 07:48:20,894 - ERROR - Error fetching details for app ID 2079160: 403 Client Error: Forbidden for url: https://store.steampowered.com/api/appdetails?appids=2079160
2024-10-22 07:48:20,945 - ERROR - Error fetching details for app ID 2080700: 403 Client Error: Forbidden for url: https://store.steampowered.com/api/appdetails?appids=2080700
2024-10-22 07:48:20,995 - ERROR - Error fetching details for app ID 2079680: 403 Client Error: Forbidden for url: https://store.steampowered.com/api/appdetails?appids=2079680
2024-10-22 07:48:21,073 - ERROR - Error fetching details for app ID 2079690: 403 Client Error: Forbidden for url: https://store.steampowered.com/api/appdetails?appids=2079690
2024-10-22 07:48:21,130 - ERROR - Error fetching details for app ID 2079180: 403 Client Error: Forbidden for url: https://store.steampowered.com/api/appdetails?appids=2079180
2024-10-22 07:48:21,186 - ERROR - Error fetching details for app ID 2080210: 403 Client Error: Forbidden for url: https://store.steampowered.com/api/appdetails?appids=2080210
2024-10-22 07:48:21,243 - ERROR - Error fetching details for app ID 2079700: 403 Client Error: Forbidden for url: https://store.steampowered.com/api/appdetails?appids=2079700
2024-10-22 07:48:21,293 - ERROR - Error fetching details for app ID 2080730: 403 Client Error: Forbidden for url: https://store.steampowered.com/api/appdetails?appids=2080730
2024-10-22 07:48:21,343 - ERROR - Error fetching details for app ID 2079710: 403 Client Error: Forbidden for url: https://store.steampowered.com/api/appdetails?appids=2079710
2024-10-22 07:48:21,393 - ERROR - Error fetching details for app ID 2080740: 403 Client Error: Forbidden for url: https://store.steampowered.com/api/appdetails?appids=2080740
2024-10-22 07:48:21,450 - ERROR - Error fetching details for app ID 2080750: 403 Client Error: Forbidden for url: https://store.steampowered.com/api/appdetails?appids=2080750
2024-10-22 07:48:21,501 - ERROR - Error fetching details for app ID 2080240: 403 Client Error: Forbidden for url: https://store.steampowered.com/api/appdetails?appids=2080240
2024-10-22 07:48:21,554 - ERROR - Error fetching details for app ID 2080250: 403 Client Error: Forbidden for url: https://store.steampowered.com/api/appdetails?appids=2080250
2024-10-22 07:48:21,610 - ERROR - Error fetching details for app ID 2079740: 403 Client Error: Forbidden for url: https://store.steampowered.com/api/appdetails?appids=2079740
2024-10-22 07:48:21,661 - ERROR - Error fetching details for app ID 2079230: 403 Client Error: Forbidden for url: https://store.steampowered.com/api/appdetails?appids=2079230
2024-10-22 07:48:21,661 - INFO - Scraper execution completed.
